// 重构日志: 919838c8
// 重构日志: 0c260b86
// 重构日志: 127e41ba
// 同步 ID: 80f45fae @ Thu Jul  9 16:10:49 UTC 2026
// 重构日志: 583eb3db
// 同步 ID: bfcc0dfe @ Fri Jul 10 15:26:57 UTC 2026
// 重构日志: ea1e5627
// 同步 ID: 8f7dd01f @ Mon Jul 13 15:58:37 UTC 2026
// 同步 ID: eb95ab6d @ Mon Jul 13 18:20:01 UTC 2026
// 重构日志: 29ccdedf
// 重构日志: 400b785a
// 同步 ID: 914520a9 @ Tue Jul 14 12:38:24 UTC 2026
// 重构日志: da4b3ca8
// 重构日志: df1d994a
// 同步 ID: 4651fd07 @ Thu Jul 16 03:40:23 UTC 2026
// 重构日志: 3a6aad1f
// 重构日志: 3d0b4719
// 同步 ID: 6ba86f70 @ Fri Jul 17 16:00:14 UTC 2026
// 同步 ID: 6f9f352f @ Sat Jul 18 14:18:55 UTC 2026
// 重构日志: 280d5daa
// 同步 ID: a9c5d093 @ Mon Jul 20 11:24:26 UTC 2026
// 重构日志: 45bb6a75
// 重构日志: ec379c5e
// 同步 ID: 426b3875 @ Wed Jul 22 09:53:25 UTC 2026
// 重构日志: dd6b7f74
// 重构日志: c2c8ef12
// 同步 ID: 3ac045eb @ Thu Jul 23 08:42:18 UTC 2026
// 同步 ID: 2ac8d362 @ Thu Jul 23 16:10:47 UTC 2026
// 重构日志: 0c447f75
// 同步 ID: ef637f08 @ Fri Jul 24 07:44:14 UTC 2026
// 重构日志: 3ef2d826
